/home/yipei/Twitter/FeatureExtraction/data/trainfile/LRbase/1050111.txt
[ -1.53831029e-05  -2.52464009e-05  -5.50802356e-06   1.17146261e-05
   1.17851039e-03  -4.73098636e-03  -6.28460482e-03   4.62956768e-03
   2.39606633e-03   1.17329502e-03   9.91496427e-06  -2.85162009e-05]
7,8,4,9,3,10,2,0,1,11,5,6
/home/yipei/Twitter/FeatureExtraction/data/trainfile/LRbase/107114063.txt
[ -1.43661349e-06   6.72900336e-07   1.26485318e-06   2.05139753e-07
  -7.55513757e-04   1.45491791e-05   1.06078226e-03   6.67684418e-05
   4.90073785e-05   2.26946920e-05   2.74348677e-05  -4.48770298e-05]
6,7,8,10,9,5,2,1,3,0,11,4
/home/yipei/Twitter/FeatureExtraction/data/trainfile/LRbase/107125748.txt
[ -4.09750215e-06  -4.35796088e-05   2.40766474e-06  -2.27976594e-07
   4.62402250e-05  -3.62557450e-04   1.31741912e-03  -1.44570300e-04
  -4.10837257e-05  -3.61980934e-05   2.50596682e-05  -1.26092535e-04]
6,4,10,2,3,0,9,8,1,11,7,5
/home/yipei/Twitter/FeatureExtraction/data/trainfile/LRbase/107381955.txt
[ -2.75553402e-04  -3.65858674e-04  -2.43826905e-04   4.30473680e-05
  -6.06248537e-02  -8.59183388e-04   1.48313520e-02  -1.28078297e-02
  -8.23360480e-03  -7.62370815e-04   4.87354540e-04  -1.95086171e-03]
6,10,3,2,0,1,9,5,11,8,7,4
/home/yipei/Twitter/FeatureExtraction/data/trainfile/LRbase/10951232.txt
[ -1.18895839e-04  -4.75762190e-04  -2.33742470e-04  -9.47186685e-06
  -7.61495933e-04   2.32746938e-03  -3.41955102e-04  -1.18725450e-02
  -6.69556316e-03  -8.28317092e-04   1.51443211e-03  -4.20638735e-03]
5,10,3,0,2,6,1,4,9,11,8,7
/home/yipei/Twitter/FeatureExtraction/data/trainfile/LRbase/110445334.txt
[  1.08830847e-04   1.39697447e-05   1.26895529e-04  -2.30466269e-07
   7.39134638e-05  -9.78704084e-04  -3.16809089e-03   1.73112500e-03
   7.97761571e-04   5.61779120e-04   1.80173841e-04  -5.76826282e-04]
7,8,9,10,2,0,4,1,3,11,5,6
/home/yipei/Twitter/FeatureExtraction/data/trainfile/LRbase/11133442.txt
[  3.38192652e-02   5.66067051e-03  -2.37752163e-02  -4.19363371e-07
   5.85827957e-04  -1.87720074e-03  -9.10637984e-03   7.46114380e-03
   3.54643033e-03   4.36483733e-04   2.92988259e-02  -1.03770132e-01]
0,10,7,1,8,4,9,3,5,6,2,11
/home/yipei/Twitter/FeatureExtraction/data/trainfile/LRbase/111400999.txt
[  4.54441756e-03  -1.86868619e-03  -2.72945526e-03  -1.53333483e-07
   5.34036929e-06   3.23123588e-03   4.33397439e-03  -6.31576965e-03
  -3.26077331e-03  -1.82033461e-03   1.09680441e-02  -2.99795327e-02]
10,0,6,5,4,3,9,1,2,8,7,11
/home/yipei/Twitter/FeatureExtraction/data/trainfile/LRbase/111949935.txt
[ -5.68440840e-02  -1.95202908e-01   1.41139110e-01  -3.61936761e-07
   5.68374339e-05   3.39316824e-04  -1.26675883e-05   1.14034770e-03
   3.40623338e-04   5.62768993e-04   1.13475061e-02  -5.24975615e-01]
2,10,7,9,8,5,4,3,6,0,1,11
/home/yipei/Twitter/FeatureExtraction/data/trainfile/LRbase/112283476.txt
[  1.43644710e-05  -2.96727104e-06   7.39308231e-06  -1.48338852e-06
  -4.63460821e-04   4.53993989e-04   7.58672895e-05   6.05558004e-05
   2.68345312e-05   1.95915825e-05   1.60154319e-05  -5.48992847e-05]
5,6,7,8,9,10,0,2,3,1,11,4
/home/yipei/Twitter/FeatureExtraction/data/trainfile/LRbase/13889622.txt
[  8.41443199e-06   1.03845261e-05  -1.92804229e-05  -8.47008665e-06
   1.48205349e-03   5.22077870e-04  -2.88992147e-03  -4.09386778e-04
  -2.20561094e-04  -2.53883273e-05   3.89337722e-05  -8.44192775e-05]
4,5,10,1,0,3,2,9,11,8,7,6
/home/yipei/Twitter/FeatureExtraction/data/trainfile/LRbase/139162440.txt
[ -1.25793005e-08  -1.70711259e-05  -8.79271155e-06   1.23690246e-06
   1.56566185e-03   1.39604489e-03  -2.00687159e-03  -2.19329235e-03
  -6.72773946e-04  -5.47090901e-04   2.64488534e-05  -5.46834626e-05]
4,5,10,3,0,2,1,11,9,8,6,7
/home/yipei/Twitter/FeatureExtraction/data/trainfile/LRbase/14089458.txt
[  2.02284309e-05   6.39279019e-06   9.20449114e-06  -4.03193734e-03
   1.19126910e-03   5.00460147e-03  -5.38545465e-04   1.36944195e-04
   7.91708627e-05   4.06553079e-05   4.53392613e-05  -1.29884508e-04]
5,4,7,8,10,9,0,2,1,11,6,3
/home/yipei/Twitter/FeatureExtraction/data/trainfile/LRbase/14091091.txt
[ -7.87787396e-06   5.94290134e-05  -2.75612872e-06   1.50631832e-06
  -1.43027406e-03  -1.01463544e-03  -8.41655320e-04   2.61943773e-03
   2.02525218e-03   9.45675603e-04   6.82489624e-05  -1.35235371e-04]
7,8,9,10,1,3,2,0,11,6,5,4
/home/yipei/Twitter/FeatureExtraction/data/trainfile/LRbase/14091431.txt
[ -3.82760392e-05  -7.35663637e-06  -3.22726701e-05  -1.01100431e-06
   6.86475569e-04  -1.70781148e-04   1.58359691e-03  -1.05992411e-03
  -5.38286067e-04  -2.44170999e-04   4.68740790e-05  -1.75130290e-04]
6,4,10,3,1,2,0,5,11,9,8,7
/home/yipei/Twitter/FeatureExtraction/data/trainfile/LRbase/14093707.txt
[  3.92924045e-06  -6.26433352e-07   2.91897144e-06  -2.80144409e-03
   1.01479622e-02  -5.48677149e-05  -6.77486229e-04  -1.00857973e-04
  -1.01671344e-04  -1.46406735e-05   1.40599734e-05  -4.24061771e-05]
4,10,0,2,1,9,11,5,7,8,6,3
/home/yipei/Twitter/FeatureExtraction/data/trainfile/LRbase/14100451.txt
[ -4.33489402e-06  -3.58930852e-05   4.75962658e-06   3.41424013e-07
   1.53638879e-04  -1.11442113e-03   1.04530579e-03   2.00205933e-03
   9.64722890e-04   3.57881072e-04   7.20614271e-05  -2.27306546e-04]
7,6,8,9,4,10,2,3,0,1,11,5
/home/yipei/Twitter/FeatureExtraction/data/trainfile/LRbase/14112756.txt
[ -1.84833515e-04   1.73932682e-05  -4.11678590e-04  -9.62503663e-06
   1.89558627e-03   1.53877214e-03  -1.19429782e-03  -9.31136462e-03
  -4.93363349e-03  -7.64365752e-04   9.09269455e-04  -1.82546576e-03]
4,5,10,1,3,0,2,9,6,11,8,7
/home/yipei/Twitter/FeatureExtraction/data/trainfile/LRbase/14208982.txt
[ -1.64022274e-05   1.64004380e-05   2.04169297e-05   8.26846257e-07
  -1.32706329e-04  -7.70376766e-04   1.69008299e-03   4.26028184e-04
   3.00895967e-04   1.60574290e-04   5.66306668e-05  -1.60890090e-04]
6,7,8,9,10,2,1,3,0,4,11,5
/home/yipei/Twitter/FeatureExtraction/data/trainfile/LRbase/14218296.txt
[ -1.02638576e-03  -1.51153555e-05  -1.76529803e-04   1.81361398e-06
  -1.39898554e-03   2.23894669e-03   8.92977610e-03  -1.82771650e-02
  -9.39344335e-03  -2.83987822e-03   0.00000000e+00  -1.76616443e-03]
6,5,3,10,1,2,0,4,11,9,8,7
/home/yipei/Twitter/FeatureExtraction/data/trainfile/LRbase/16431371.txt
[  1.50970605e-05   1.43597285e-04   1.68766311e-04   2.07815985e-06
  -5.64168486e-04   4.54434760e-04   2.09509943e-03  -4.08100803e-03
  -2.67028920e-03  -2.43516940e-03  -7.17651105e-06  -5.09515100e-04]
6,5,2,1,0,3,10,11,4,9,8,7
/home/yipei/Twitter/FeatureExtraction/data/trainfile/LRbase/16571907.txt
[ -4.81969249e-07   6.65932959e-07  -3.51012297e-07   3.52410756e-07
  -1.04708347e-05  -1.69339954e-04  -7.72163837e-04  -1.02998212e-04
  -6.71824189e-05  -2.29132091e-05   1.47561749e-06  -7.94396226e-06]
10,1,3,2,0,11,4,9,8,7,5,6
/home/yipei/Twitter/FeatureExtraction/data/trainfile/LRbase/16580226.txt
[  3.05811103e-06  -5.65724995e-07   8.85089222e-06   3.02286716e-07
  -1.10178414e-04  -5.17288132e-04   2.54611873e-03  -6.17669752e-04
  -4.31230265e-04  -3.34452516e-04   4.37334668e-05  -9.16539478e-05]
6,10,2,0,3,1,11,4,9,8,5,7
/home/yipei/Twitter/FeatureExtraction/data/trainfile/LRbase/16613128.txt
[  8.48190655e-05   4.96591584e-05   2.37564340e-04   3.43761921e-06
  -4.02647546e-03  -4.07094517e-03   1.36574234e-02  -3.23604580e-03
  -2.13534995e-03  -2.02528036e-03   4.34359073e-04  -7.46007381e-04]
6,10,2,0,1,3,11,9,8,7,4,5
/home/yipei/Twitter/FeatureExtraction/data/trainfile/LRbase/16656631.txt
[ -6.37416286e-07   1.92459839e-08   2.29205365e-06   3.20942539e-07
   1.80905383e-04  -4.96899850e-04   4.28663572e-04  -1.92584932e-04
  -1.12236998e-04  -8.91017950e-05   1.57059763e-06  -1.02707350e-05]
6,4,2,10,3,1,0,11,9,8,7,5
/home/yipei/Twitter/FeatureExtraction/data/trainfile/LRbase/16847294.txt
[ -4.69568116e-02  -5.21370981e-02  -2.96406776e-02   1.30899078e-06
   9.28186233e-04   3.62945909e-03   1.18976649e-03  -2.85342363e-02
  -1.08042254e-02  -2.35476707e-03   7.51891706e-02  -2.24853043e-01]
10,5,6,4,3,9,8,7,2,0,1,11
/home/yipei/Twitter/FeatureExtraction/data/trainfile/LRbase/16857707.txt
[ -5.44702742e-07   2.00725896e-06   1.54154661e-05   7.23073149e-07
   1.23747330e-04   3.00496364e-04   2.55898201e-04  -1.16020341e-03
  -5.49664269e-04  -4.27914529e-04   2.33384942e-05  -1.19610952e-04]
5,6,4,10,2,1,3,0,11,9,8,7
/home/yipei/Twitter/FeatureExtraction/data/trainfile/LRbase/16866701.txt
[  1.49149228e-05   1.08385443e-04  -7.81053019e-05  -3.97670537e-06
   1.85611850e-04   1.90746373e-03  -2.70361887e-03  -5.04522689e-03
  -3.01359190e-03  -7.95723704e-04   2.54380192e-04  -5.51482083e-04]
5,10,4,1,0,3,2,11,9,6,8,7
/home/yipei/Twitter/FeatureExtraction/data/trainfile/LRbase/16871528.txt
[ -2.64583496e-06   3.41748452e-05   1.02834796e-05  -1.98791307e-08
   1.04701913e-04   1.09319099e-04   7.46462658e-04  -1.44823611e-03
  -8.88690341e-04  -5.10174085e-04   6.27118511e-05  -2.26488183e-04]
6,5,4,10,1,2,3,0,11,9,8,7
/home/yipei/Twitter/FeatureExtraction/data/trainfile/LRbase/169203819.txt
[  7.08491651e-06   1.98544448e-06   7.25961331e-06  -2.99296304e-07
   1.28169919e-05   1.21683289e-04   1.02205564e-03  -3.08201858e-04
  -1.84857371e-04  -1.12189301e-04   2.05836162e-05  -1.02184167e-04]
6,5,10,4,2,0,1,3,11,9,8,7
/home/yipei/Twitter/FeatureExtraction/data/trainfile/LRbase/16971994.txt
[ -1.40322582e-05  -4.35551735e-06  -1.12854530e-05   1.26432785e-07
   7.83423927e-04  -8.51481809e-06  -7.67900470e-04  -4.00528766e-04
  -2.22794126e-04  -4.50594862e-05   5.29261913e-05  -1.58955487e-04]
4,10,3,1,5,2,0,9,11,8,7,6
/home/yipei/Twitter/FeatureExtraction/data/trainfile/LRbase/18214171.txt
[  5.06293121e-03   3.67220453e-06  -1.82222888e-04  -4.18974402e-05
   1.76647395e-02  -5.25566705e-05  -6.45642424e-03  -4.67220501e-03
  -2.98501987e-03  -8.71403315e-04   6.02367336e-05  -4.20102908e-05]
4,0,10,1,3,11,5,2,9,8,7,6
/home/yipei/Twitter/FeatureExtraction/data/trainfile/LRbase/18313747.txt
[  1.97933877e-05  -5.85840448e-06   1.16128797e-05  -3.06987438e-06
   9.36673074e-05  -1.48018915e-04   1.80668977e-03  -5.17794442e-04
  -2.68588561e-04  -2.20131862e-04   1.48716737e-05  -1.04965286e-04]
6,4,0,10,2,3,1,11,5,9,8,7
/home/yipei/Twitter/FeatureExtraction/data/trainfile/LRbase/1835411.txt
[ -1.80763449e-07   6.66771520e-07  -2.78187938e-07   1.11577673e-06
   6.71413009e-04  -4.87092960e-04   2.83626002e-04  -4.22931166e-05
  -2.33234099e-05  -7.46349116e-06   4.92434871e-06  -6.85460952e-06]
4,6,10,3,1,0,2,11,9,8,7,5
/home/yipei/Twitter/FeatureExtraction/data/trainfile/LRbase/18359862.txt
[  8.67288777e-05  -1.66196526e-04  -4.98788708e-05  -8.76468634e-06
   3.30325284e-03   2.56585331e-03  -6.19571892e-03  -1.72210054e-02
  -6.49849260e-03  -1.19139031e-03   2.32389488e-04  -1.30367831e-03]
4,5,10,0,3,2,1,9,11,6,8,7
/home/yipei/Twitter/FeatureExtraction/data/trainfile/LRbase/18387712.txt
[  9.28766818e-06   1.62406356e-05  -1.67080746e-05  -1.95483553e-06
   9.34123815e-04  -2.40347989e-04  -2.52439038e-04  -1.51687308e-04
  -1.06360627e-04  -4.46535121e-05   4.45377300e-05  -1.28745989e-04]
4,10,1,0,3,2,9,8,11,7,5,6
/home/yipei/Twitter/FeatureExtraction/data/trainfile/LRbase/18489585.txt
[ -3.92956815e-02  -1.11150137e-01   7.11129908e-03   6.09011604e-07
   1.69259592e-04   1.21143966e-03  -6.24660671e-03  -3.25268568e-03
  -1.49623541e-03  -2.43951426e-04   2.25692975e-01  -1.45264232e-01]
10,2,5,4,3,9,8,7,6,0,1,11
/home/yipei/Twitter/FeatureExtraction/data/trainfile/LRbase/18608514.txt
[ -1.33892005e-05  -1.58096400e-05  -1.86196522e-05  -3.88775633e-07
   1.10934163e-04  -7.78587120e-05   9.62541603e-04  -2.00541360e-05
  -9.22398474e-06  -4.49726619e-06   2.19885677e-06  -4.82970210e-05]
6,4,10,3,9,8,0,1,2,7,11,5
/home/yipei/Twitter/FeatureExtraction/data/trainfile/LRbase/18646108.txt
[  4.91148882e-06  -2.50207466e-06   1.55407282e-06  -1.11931453e-07
   6.86589302e-05   2.36228004e-04   4.56305896e-05  -2.98943316e-04
  -1.65927254e-04  -7.07590602e-05   1.08471788e-05  -3.52805648e-05]
5,4,6,10,0,2,3,1,11,9,8,7
/home/yipei/Twitter/FeatureExtraction/data/trainfile/LRbase/18791763.txt
[  4.53285345e-04  -8.11632654e-05   6.11517987e-04  -8.69217868e-07
   1.31943452e-04  -1.48030320e-03  -5.50146494e-04   8.52035702e-03
   4.97897406e-03   2.84011901e-03   3.43529818e-04  -1.00624245e-03]
7,8,9,2,0,10,4,3,1,6,11,5
/home/yipei/Twitter/FeatureExtraction/data/trainfile/LRbase/18805644.txt
[  3.83268434e-03  -2.54879893e-03   8.44986171e-04  -2.23262965e-07
   2.95549992e-04  -1.56973404e-03  -2.96111292e-03   8.20311495e-03
   3.50617010e-03   4.20078870e-03   3.43642302e-03  -1.18044773e-02]
7,9,0,8,10,2,4,3,5,1,6,11
/home/yipei/Twitter/FeatureExtraction/data/trainfile/LRbase/18983793.txt
[  4.02361889e-02  -1.52235913e-02   2.69701398e-02  -3.17026073e-07
   9.69596092e-05   9.21105199e-05   7.88838403e-04  -4.00654515e-04
  -1.45359412e-04  -1.45359412e-04   7.84665267e-02  -2.57143363e-01]
10,0,2,6,4,5,3,8,9,7,1,11
/home/yipei/Twitter/FeatureExtraction/data/trainfile/LRbase/18993395.txt
[ -1.53425497e-04  -1.25977045e-05  -5.28226352e-05  -1.91762175e-05
  -2.76216270e-03   2.64802296e-03   4.75315566e-03  -2.55901152e-03
  -1.26512929e-03  -1.21720773e-03   0.00000000e+00  -3.54035643e-05]
6,5,10,1,3,11,2,0,9,8,7,4
/home/yipei/Twitter/FeatureExtraction/data/trainfile/LRbase/19092024.txt
[  2.41989547e-06  -1.86480998e-05  -4.54331311e-05  -2.06782358e-05
   1.83480378e-04   2.45151051e-03   2.63518037e-04  -4.11909281e-03
  -1.69370593e-03  -3.59065657e-04   2.04747004e-04  -6.39229155e-04]
5,6,10,4,0,1,3,2,9,11,8,7
/home/yipei/Twitter/FeatureExtraction/data/trainfile/LRbase/191227452.txt
[  8.72900318e-02   1.06776689e-03  -3.93229126e-02  -5.79087873e-08
  -1.02494867e-04  -6.91981908e-04  -3.74086900e-04   1.90298979e-03
   1.34635658e-03   6.01859661e-04   3.41790073e-02  -1.60412281e-01]
0,10,7,8,1,9,3,4,6,5,2,11
/home/yipei/Twitter/FeatureExtraction/data/trainfile/LRbase/191613738.txt
[ -4.72671746e-06   1.17909547e-05  -3.08798179e-05  -3.67873289e-06
  -6.34242138e-05  -1.65908499e-03   1.25561391e-03   3.45100932e-03
   1.07476689e-03   2.06556762e-03   5.26056752e-05  -2.82624895e-04]
7,9,6,8,10,1,3,0,2,4,11,5
/home/yipei/Twitter/FeatureExtraction/data/trainfile/LRbase/19192224.txt
[  1.01359520e-01  -4.49714133e-02   5.32208488e-02  -5.86659946e-05
  -1.18827258e-03   2.98709803e-03   6.43199218e-03  -1.68993444e-02
  -8.09011166e-03  -3.05626440e-03   1.21173852e-02  -2.20657640e-01]
0,2,10,6,5,3,4,9,8,7,1,11
/home/yipei/Twitter/FeatureExtraction/data/trainfile/LRbase/193336046.txt
[  4.05378755e-04   4.58611011e-04   1.32542347e-04   1.38191427e-06
  -5.92367796e-04  -8.87229052e-04  -8.20865576e-04   1.06825889e-02
   8.70433170e-03   5.53912017e-03   8.10506514e-04  -1.35846902e-03]
7,8,9,10,1,0,2,3,4,6,5,11
/home/yipei/Twitter/FeatureExtraction/data/trainfile/LRbase/19355826.txt
[  1.88324336e-07  -1.78889805e-05   2.79731089e-05   3.57931594e-07
   1.42943030e-04  -2.51031782e-04   1.68251711e-03  -4.01208244e-04
  -2.36413870e-04  -2.27374516e-04   6.96704555e-06  -2.41203154e-04]
6,4,2,10,3,0,1,9,8,11,5,7
/home/yipei/Twitter/FeatureExtraction/data/trainfile/LRbase/19400611.txt
[  8.88280052e-02  -5.06606834e-02  -2.68770586e-02  -9.09482572e-08
   1.18267432e-04  -2.31983284e-03  -5.33828551e-03   1.01373699e-02
   2.04943218e-03   2.30561120e-03   6.04765725e-02  -3.38193973e-01]
0,10,7,9,8,4,3,5,6,2,1,11
/home/yipei/Twitter/FeatureExtraction/data/trainfile/LRbase/19416225.txt
[ -2.88564375e-06  -6.86649407e-07   4.36835461e-08   3.46776104e-07
   2.97886983e-04  -4.68123971e-04   1.25073291e-03  -3.28297931e-04
  -1.88922805e-04  -4.59830978e-05   1.41483371e-06  -9.82921277e-06]
6,4,10,3,2,1,0,11,9,8,7,5
/home/yipei/Twitter/FeatureExtraction/data/trainfile/LRbase/194347664.txt
[  1.26457742e-05   2.70193129e-05   2.24685850e-06   6.57499076e-08
  -2.00750776e-04  -1.69171357e-03   1.58969529e-03   2.35172692e-03
   1.47796277e-03   1.05502374e-03   7.72775772e-05  -2.30436455e-04]
7,6,8,9,10,1,0,2,3,4,11,5
/home/yipei/Twitter/FeatureExtraction/data/trainfile/LRbase/194391047.txt
[  1.33561732e-05  -3.20046376e-05   1.94168344e-05  -5.44447121e-07
  -3.13163136e-03   1.00109785e-03   3.63068013e-03  -1.49568520e-03
  -5.23805364e-04  -7.19443512e-04   6.58162804e-05  -1.93351213e-04]
6,5,10,2,0,3,1,11,8,9,7,4
/home/yipei/Twitter/FeatureExtraction/data/trainfile/LRbase/20607358.txt
[  7.12904711e-03   1.34632481e-02  -1.43342956e-02  -2.30144639e-06
   1.68504265e-04   2.80108560e-03  -6.56784971e-04  -1.21495567e-02
  -9.55039780e-03  -7.85792224e-04   3.67613937e-02  -1.18934868e-01]
10,1,0,5,4,3,6,9,8,7,2,11
/home/yipei/Twitter/FeatureExtraction/data/trainfile/LRbase/20608910.txt
[ -1.08693042e-05  -1.01948870e-05   1.35985768e-06   2.45282424e-06
   5.44696951e-04  -2.26748575e-03  -1.06620785e-03   2.14320782e-03
   9.77776840e-04   7.82715298e-04   1.36905139e-05  -3.03876070e-05]
7,8,9,4,10,3,2,1,0,11,6,5
/home/yipei/Twitter/FeatureExtraction/data/trainfile/LRbase/20707966.txt
[  6.23582445e-05  -1.60790091e-05   6.23616562e-05   2.42902241e-07
  -4.40096529e-04  -3.22152916e-04   1.29219525e-03   6.95643844e-04
   3.69866974e-04   3.08630720e-04   1.60791201e-04  -4.42171432e-04]
6,7,8,9,10,2,0,3,1,5,4,11
/home/yipei/Twitter/FeatureExtraction/data/trainfile/LRbase/20735177.txt
[ -1.22329160e-05   1.33054184e-05  -1.70292014e-05  -1.70435989e-06
  -9.91030024e-04  -2.08790167e-03   6.12509789e-03  -2.73233580e-04
  -1.51386173e-04  -5.29236214e-05   1.02442832e-04  -2.17712625e-04]
6,10,1,3,0,2,9,8,11,7,4,5
/home/yipei/Twitter/FeatureExtraction/data/trainfile/LRbase/21010214.txt
[  6.70046643e-05  -1.83681433e-04   5.57781573e-06  -1.86566173e-08
   2.76622119e-04  -8.08502158e-04  -1.70426396e-03   1.84762019e-03
   5.48770774e-04   5.18436711e-04   2.55132061e-04  -6.89994402e-04]
7,8,9,4,10,0,2,3,1,11,5,6
/home/yipei/Twitter/FeatureExtraction/data/trainfile/LRbase/21215111.txt
[  6.24079445e-03  -2.08923721e-04  -1.64569227e-02  -1.44645569e-07
  -6.92516252e-04   4.27773533e-04  -8.13106185e-03   1.08264487e-02
   5.31655962e-03   2.31995329e-03   1.00455890e-01  -2.28029302e-01]
10,7,0,8,9,5,3,1,4,6,2,11
/home/yipei/Twitter/FeatureExtraction/data/trainfile/LRbase/21265075.txt
[  6.18008319e-02   3.20772140e-02   3.35031132e-02  -3.91886963e-07
   1.20259045e-04   7.71579530e-04   4.74699910e-04  -7.58029811e-03
  -4.72653882e-03  -4.36981891e-03   4.76684094e-02  -3.06881548e-01]
0,10,2,1,5,6,4,3,9,8,7,11
/home/yipei/Twitter/FeatureExtraction/data/trainfile/LRbase/21292523.txt
[ -6.33071279e-02  -3.32109211e-02   4.55002502e-02   4.17210719e-06
  -3.00700027e-03   3.35226511e-02   3.49267098e-02  -6.51617754e-02
  -1.29984167e-01  -3.59747302e-02   7.18797880e-02  -2.55266988e-01]
10,2,6,5,3,4,1,9,0,7,8,11
/home/yipei/Twitter/FeatureExtraction/data/trainfile/LRbase/21301913.txt
[  4.52865856e-05  -4.26045819e-05   1.34903744e-05  -4.79262873e-06
  -1.59560936e-04   1.37252676e-04   1.47525070e-03  -3.86400722e-04
  -1.30558606e-04  -1.35833701e-04   9.83980824e-05  -2.57639838e-04]
6,5,10,0,2,3,1,8,9,4,11,7
/home/yipei/Twitter/FeatureExtraction/data/trainfile/LRbase/21360626.txt
[ -3.61557932e-05  -1.23485523e-04   8.61314556e-06   2.29662314e-07
  -2.92323886e-05   8.96882118e-04   1.08997304e-03  -2.49022675e-03
  -9.19387512e-04  -5.83154365e-04   2.01388842e-04  -8.90931678e-04]
6,5,10,2,3,4,0,1,9,11,8,7
/home/yipei/Twitter/FeatureExtraction/data/trainfile/LRbase/21436960.txt
[ -4.32729092e-02   6.43148951e-02   2.67723101e-01  -9.82001840e-08
  -2.66501844e-03   6.49599680e-04   2.36922356e-03  -4.60247728e-04
  -3.52039015e-04  -3.35206548e-04   3.44897965e-01  -6.13273183e-01]
10,2,1,6,5,3,9,8,7,4,0,11
/home/yipei/Twitter/FeatureExtraction/data/trainfile/LRbase/21451151.txt
[ -2.23945409e-05  -1.41260547e-05  -1.21920490e-05  -2.06480499e-07
  -2.12371746e-04  -2.83709451e-05  -3.09355444e-03   1.30164534e-03
   7.40591312e-04   3.16434470e-04   2.13154353e-04  -6.64760177e-04]
7,8,9,10,3,2,1,0,5,4,11,6
/home/yipei/Twitter/FeatureExtraction/data/trainfile/LRbase/214620546.txt
[ -2.95177607e-05   3.14019438e-05   6.04061868e-05  -4.50809086e-06
  -1.63336291e-03   2.01051466e-03   5.88522734e-03  -4.05797953e-03
  -3.44490348e-03  -3.02645476e-03   1.31011736e-04  -4.36643117e-04]
6,5,10,2,1,3,0,11,4,9,8,7
/home/yipei/Twitter/FeatureExtraction/data/trainfile/LRbase/21525246.txt
[ -9.13941137e-05  -7.50754364e-05  -3.25502690e-05   3.90715826e-07
   2.50370462e-04  -1.45924367e-03  -6.34597898e-04   2.31714409e-03
   7.19670099e-04   4.22765843e-04   2.14214026e-06  -2.01554225e-04]
7,8,9,4,10,3,2,1,0,11,6,5
/home/yipei/Twitter/FeatureExtraction/data/trainfile/LRbase/21580985.txt
[ -3.68766465e-06  -2.75437066e-07   1.86033040e-06   2.29761366e-07
   8.14839860e-05   4.59932491e-04   2.85563140e-04  -6.48325219e-04
  -3.99587753e-04  -1.91045506e-04   8.21011106e-06  -2.89071583e-05]
5,6,4,10,2,3,1,0,11,9,8,7
/home/yipei/Twitter/FeatureExtraction/data/trainfile/LRbase/21689294.txt
[  7.52948171e-05  -9.96595954e-05  -9.81256943e-05  -5.33256495e-06
  -8.97259589e-05   7.29815904e-04   2.24335025e-05  -3.28910336e-03
  -2.23999281e-03  -5.10378108e-04   2.07303901e-04  -1.21719888e-03]
5,10,0,6,3,4,2,1,9,11,8,7
/home/yipei/Twitter/FeatureExtraction/data/trainfile/LRbase/21871522.txt
[ -2.93805465e-03  -9.97207388e-03   1.78769750e-04   2.02509964e-07
  -4.66203487e-03   1.28953317e-04   1.54876785e-03   3.99372377e-03
   8.58463987e-04   5.59867818e-04   3.60966774e-03  -1.94164392e-02]
7,10,6,8,9,2,5,3,0,4,1,11
/home/yipei/Twitter/FeatureExtraction/data/trainfile/LRbase/220081296.txt
[  1.50270161e-05   9.26586935e-06   1.63896408e-05  -4.27122062e-07
   4.45756393e-06  -5.58334498e-04   7.95644050e-04   1.17761544e-03
   5.83464635e-04   4.33858318e-04   5.40000905e-05  -3.67696684e-04]
7,6,8,9,10,2,0,1,4,3,11,5
/home/yipei/Twitter/FeatureExtraction/data/trainfile/LRbase/22017602.txt
[  1.65493709e-04   3.45821591e-05   1.16662191e-04   1.21299055e-06
   9.82035052e-05  -1.77451531e-03  -1.34549725e-04   6.52339160e-03
   3.80531177e-03   1.65945927e-03   6.72806702e-05  -4.45318785e-04]
7,8,9,0,2,4,10,1,3,6,11,5
/home/yipei/Twitter/FeatureExtraction/data/trainfile/LRbase/22055109.txt
[ -3.60356396e-04  -9.99184104e-04  -2.74441396e-04  -2.90252139e-07
   4.20044730e-05   4.70014300e-04   3.17383043e-03  -7.68212423e-03
  -2.60056345e-03  -2.18208198e-03   1.31723565e-03  -1.94372823e-03]
6,10,5,4,3,2,0,1,11,9,8,7
/home/yipei/Twitter/FeatureExtraction/data/trainfile/LRbase/22253.txt
[ -3.62286768e-06   8.24961799e-06  -7.88272245e-06   2.73454070e-06
   2.08325561e-03  -5.62551673e-04  -1.33062939e-03  -5.40956266e-04
  -2.75018533e-04  -8.17272057e-05   6.41984311e-06  -2.67906711e-05]
4,1,10,3,0,2,11,9,8,7,5,6
/home/yipei/Twitter/FeatureExtraction/data/trainfile/LRbase/22278898.txt
[ -1.02521814e-02  -2.14873998e-02   2.39245248e-02   1.94734946e-07
   1.28405121e-05  -1.24870705e-03  -6.64954620e-04   3.91439612e-03
   1.58241545e-03   1.74898550e-03   7.54417691e-02  -2.95233593e-01]
10,2,7,9,8,4,3,6,5,0,1,11
/home/yipei/Twitter/FeatureExtraction/data/trainfile/LRbase/223970563.txt
[  1.01484883e-01  -1.72116883e-01  -3.11738074e-02   1.15131629e-06
   3.72694416e-05  -8.53133445e-06  -4.99085673e-03   3.87302651e-03
   1.14652770e-03   1.45413270e-03  -1.57048023e-01  -2.20845019e-01]
0,7,9,8,4,3,5,6,2,10,1,11
/home/yipei/Twitter/FeatureExtraction/data/trainfile/LRbase/22517990.txt
[  1.51633900e-05  -2.85160523e-06   3.27624261e-05  -5.63539122e-07
   1.29704947e-04  -1.01139140e-03  -1.17892220e-03   3.40439764e-03
   1.70650819e-03   1.30142796e-03   7.19063394e-05  -2.23131590e-04]
7,8,9,4,10,2,0,3,1,11,5,6
/home/yipei/Twitter/FeatureExtraction/data/trainfile/LRbase/25957130.txt
[ -1.08625413e-05  -2.64453537e-05  -6.15982736e-06   8.99508135e-08
  -2.05849158e-04   2.49485152e-04  -2.89480648e-04  -7.38992000e-04
  -2.97621435e-04  -6.47883397e-05   2.74190210e-05  -1.53696432e-04]
5,10,3,2,0,1,9,11,4,6,8,7
/home/yipei/Twitter/FeatureExtraction/data/trainfile/LRbase/26487169.txt
[ -1.17566108e-04   5.73843117e-05  -4.30081592e-06  -1.07831608e-06
   4.62392302e-04  -6.37722710e-04  -1.34448523e-04   3.15843513e-03
   2.16625656e-03   9.59105957e-04   5.80152284e-05  -3.24732781e-04]
7,8,9,4,10,1,3,2,0,6,11,5
/home/yipei/Twitter/FeatureExtraction/data/trainfile/LRbase/266043601.txt
[ -5.90134333e-05  -1.62954177e-04  -5.77705071e-04   4.83659545e-07
  -1.98123918e-03  -7.95855684e-04   7.67550229e-04   1.07851174e-02
   6.23359994e-03   5.93676185e-04   8.84756828e-04  -1.50593133e-03]
7,8,10,6,9,3,0,1,2,5,11,4
/home/yipei/Twitter/FeatureExtraction/data/trainfile/LRbase/266084180.txt
[ -2.98772400e-06  -2.62943703e-06  -4.93962339e-07  -2.00240178e-07
   2.12402098e-05  -6.61305664e-04   1.10876343e-03   4.28185037e-04
   3.56525971e-04   2.37094194e-04   8.54484452e-06  -3.93330603e-05]
6,7,8,9,4,10,3,2,1,0,11,5
/home/yipei/Twitter/FeatureExtraction/data/trainfile/LRbase/35908473.txt
[ -1.69644156e-05  -3.24983177e-06   1.26385941e-06   7.89023045e-07
  -9.85894276e-04  -1.19950651e-03  -7.13031772e-04   2.38615408e-03
   1.23071354e-03   1.01242184e-03   2.15519663e-05  -9.14574204e-05]
7,8,9,10,2,3,1,0,11,6,4,5
/home/yipei/Twitter/FeatureExtraction/data/trainfile/LRbase/35943.txt
[ -9.82549346e-05   1.12295234e-05  -1.04253765e-04  -1.95347285e-06
   4.67857947e-04   1.97792425e-03  -5.18587692e-04  -5.09247150e-03
  -3.35031020e-03  -6.94427932e-04   3.69609878e-04  -7.87099970e-04]
5,4,10,1,3,0,2,6,9,11,8,7
/home/yipei/Twitter/FeatureExtraction/data/trainfile/LRbase/36253.txt
[ -2.70191870e-05   2.06477639e-05  -4.93860160e-05  -3.02083698e-04
  -3.01836559e-02   4.76407426e-03  -1.41951513e-02  -3.12857822e-03
  -2.07648997e-03  -1.10746132e-04  -7.11302229e-06  -3.71992564e-04]
5,1,10,0,2,9,3,11,8,7,6,4
/home/yipei/Twitter/FeatureExtraction/data/trainfile/LRbase/37297803.txt
[  6.58873472e-04  -1.57943322e-04   1.58587756e-03   4.78697661e-06
   2.18912606e-04  -4.27144132e-03  -1.63803689e-03   6.07657193e-03
   1.24091167e-03   7.56789179e-04   6.96096895e-04  -3.43631842e-03]
7,2,8,9,10,0,4,3,1,6,11,5
/home/yipei/Twitter/FeatureExtraction/data/trainfile/LRbase/37434214.txt
[ -8.74812951e-05  -7.21049743e-05  -5.57427586e-05  -6.21796279e-08
   1.21857129e-05   2.50362528e-06  -2.67020947e-03   5.93887603e-04
   2.70772483e-04   5.53624037e-05   1.58012569e-04  -6.29004236e-04]
7,8,10,9,4,5,3,2,1,0,11,6
/home/yipei/Twitter/FeatureExtraction/data/trainfile/LRbase/37855605.txt
[  3.89803171e-05   5.61455642e-07   2.80117381e-06  -6.72339476e-05
   7.23584393e-04  -3.77020376e-04   1.04522658e-03   3.75981817e-03
   2.20985231e-03   9.66810386e-04   3.44462594e-05  -3.00084765e-04]
7,8,6,9,4,0,10,2,1,3,11,5
/home/yipei/Twitter/FeatureExtraction/data/trainfile/LRbase/390455433.txt
[ -1.03189186e-04   1.73362515e-04   4.61016034e-05   2.34043198e-07
  -2.07784591e-02   7.08197824e-04  -6.26911699e-05   3.50367080e-04
   2.81656203e-04   8.91489570e-05   3.81756479e-04  -7.88178101e-04]
5,10,7,8,1,9,2,3,6,0,11,4
/home/yipei/Twitter/FeatureExtraction/data/trainfile/LRbase/39097715.txt
[ -2.10583274e-03  -2.38510439e-02  -4.42277424e-02   1.04811307e-06
   1.38331084e-03   5.28458506e-03   2.37351074e-03  -1.82066734e-02
  -7.11437239e-03  -2.67745197e-03   1.16594686e-01  -3.37713483e-01]
10,5,6,4,3,0,9,8,7,1,2,11
/home/yipei/Twitter/FeatureExtraction/data/trainfile/LRbase/4050671.txt
[  6.70603730e-06   3.59254448e-05  -5.95418912e-06  -5.61516125e-05
   1.58260013e-03   4.53063179e-04   2.17846009e-03   1.88526333e-04
   1.11494068e-04   2.12852311e-05   1.41057727e-05  -5.40870295e-05]
6,4,5,7,8,1,9,10,0,2,11,3
/home/yipei/Twitter/FeatureExtraction/data/trainfile/LRbase/41634520.txt
[  6.22114319e-05  -1.07806738e-04   9.39897316e-06   4.88918685e-07
   2.08448800e-04  -9.14360999e-04  -1.80642913e-03   3.86307022e-03
   1.73958131e-03   1.24769970e-03   3.86340282e-04  -1.10841834e-03]
7,8,9,10,4,0,2,3,1,5,11,6
/home/yipei/Twitter/FeatureExtraction/data/trainfile/LRbase/418.txt
[  4.20966892e-02   1.11653332e-02  -7.49974735e-02   2.00760388e-08
   2.35319815e-05   2.74281076e-04  -1.33958441e-03   7.07803592e-05
   4.35948233e-05   1.33478532e-05   2.39613578e-01  -3.57484871e-01]
10,0,1,5,7,8,4,9,3,6,2,11
/home/yipei/Twitter/FeatureExtraction/data/trainfile/LRbase/419356073.txt
[ -2.88524984e-06   5.95933729e-07  -2.36265644e-06  -1.71753022e-06
  -4.75973112e-04   6.32643208e-04  -8.56392819e-04   8.89589387e-05
   4.32880550e-05   1.86654916e-05   1.00810355e-05  -4.85871703e-05]
5,7,8,9,10,1,3,2,0,11,4,6
/home/yipei/Twitter/FeatureExtraction/data/trainfile/LRbase/4257571.txt
[ -2.44019419e-03   1.20858709e-02  -9.23281016e-03  -2.47116744e-05
  -3.77435055e-04   7.90872814e-03   4.62817477e-03  -6.43310880e-02
  -2.72028601e-02  -4.41127460e-03   2.91980268e-02  -1.20720581e-01]
10,1,5,6,3,4,0,9,2,8,7,11
/home/yipei/Twitter/FeatureExtraction/data/trainfile/LRbase/42950930.txt
[  2.40568502e-06   1.01788628e-05   6.62218076e-06   3.13457951e-07
  -1.76918339e-04   4.40125577e-04   3.50424093e-03  -1.49327493e-03
  -1.27117962e-03  -7.20455496e-04   3.22367413e-05  -1.23803201e-04]
6,5,10,1,2,0,3,11,4,9,8,7
/home/yipei/Twitter/FeatureExtraction/data/trainfile/LRbase/43196650.txt
[  4.18286419e-05   6.43917636e-05   8.22708137e-05   5.66610403e-08
  -2.97321771e-03   3.96676583e-04   2.49611621e-03  -6.59113934e-04
  -4.70795667e-04  -3.48103463e-04   1.71581856e-04  -5.25140252e-04]
6,5,10,2,1,0,3,9,8,11,7,4
