(18646108, 182)
nodes 183 183
nodes 7049 339
source 18646108 relation size 7048
nodes 183 183
nodes 7049 339
nodes 298662 749
source 18646108 relation size 10411
nodes 183 183
nodes 7049 339
nodes 298662 749
nodes 12296404 979
source 18646108 relation size 23690
(1295001, 64)
nodes 65 65
nodes 3295 303
source 1295001 relation size 3294
nodes 65 65
nodes 3295 303
nodes 159269 470
source 1295001 relation size 11681
nodes 65 65
nodes 3295 303
nodes 159269 470
nodes 7804141 847
source 1295001 relation size 15238
(682463, 48)
nodes 49 49
nodes 1234 221
source 682463 relation size 1233
nodes 49 49
nodes 1234 221
nodes 31989 658
source 682463 relation size 4584
nodes 49 49
nodes 1234 221
nodes 31989 658
nodes 872364 970
source 682463 relation size 20024
(14110750, 37)
nodes 38 38
nodes 1831 187
source 14110750 relation size 1830
nodes 38 38
nodes 1831 187
nodes 92745 352
source 14110750 relation size 7774
nodes 38 38
nodes 1831 187
nodes 92745 352
nodes 4702463 824
source 14110750 relation size 11872
(23487693, 30)
nodes 31 31
nodes 1532 197
source 23487693 relation size 1531
nodes 31 31
nodes 1532 197
nodes 77146 396
source 23487693 relation size 7902
nodes 31 31
nodes 1532 197
nodes 77146 396
nodes 3919701 857
source 23487693 relation size 12627
(14733, 22)
nodes 23 23
nodes 1356 185
source 14733 relation size 1355
nodes 23 23
nodes 1356 185
nodes 70204 375
source 14733 relation size 8226
nodes 23 23
nodes 1356 185
nodes 70204 375
nodes 3597698 658
source 14733 relation size 12990
(29087161, 17)
nodes 18 18
nodes 966 101
source 29087161 relation size 965
nodes 18 18
nodes 966 101
nodes 41497 150
source 29087161 relation size 3771
nodes 18 18
nodes 966 101
nodes 41497 150
nodes 1854102 392
source 29087161 relation size 6143
(16562949, 11)
nodes 12 12
nodes 212 116
source 16562949 relation size 211
nodes 12 12
nodes 212 116
nodes 3687 349
source 16562949 relation size 2257
nodes 12 12
nodes 212 116
nodes 3687 349
nodes 82192 850
source 16562949 relation size 7651
(16571907, 7)
nodes 8 8
nodes 301 109
source 16571907 relation size 300
nodes 8 8
nodes 301 109
nodes 8222 307
source 16571907 relation size 2376
nodes 8 8
nodes 301 109
nodes 8222 307
nodes 224219 814
source 16571907 relation size 6680
(176297531, 3)
nodes 4 4
nodes 163 117
source 176297531 relation size 162
nodes 4 4
nodes 163 117
nodes 3835 367
source 176297531 relation size 2555
nodes 4 4
nodes 163 117
nodes 3835 367
nodes 103172 817
source 176297531 relation size 9376
