104324908 7 390455433 428 403
9509482 7 14089458 15 9
15249156 2 7861622 4 3
16079245 16 43814349 39 21
939091 2 55396121 3 2
8708012 5 5877292 11 6
12350092 1 14437310 2 2
17688601 3 16822292 11 9
14924233 2 11611052 5 4
53280402 17 15869453 70 51
16601823 13 36253 54 34
90484508 7 17818461 223 215
15402623 16 15947277 44 28
15643073 3 20437031 5 3
1271901 1 10545 5 5
486914138 1 486975681 5 5
14437310 1 12350092 11 11
1235161 2 648873 6 5
16866701 7 14112756 11 8
15921684 15 16580226 68 49
146290693 4 18387712 9 6
66263785 2 39097715 3 2
237403203 3 223970563 5 3
196168350 3 15513604 5 3
43117170 5 15947277 20 12
18389670 2 55963 2 2
5905672 3 1835411 5 3
20735177 2 35175054 43 40
112283476 13 15513604 42 25
194447068 7 195877797 26 19
14326840 2 14218296 13 12
1729441 1 12277182 2 2
108811740 5 14819061 14 9
17941825 4 14819061 9 5
177292365 1 23819371 3 3
23819371 2 177292365 3 2
15430929 2 16971994 3 2
43919633 20 15513604 154 97
113420831 12 131144091 34 20
268276148 2 85891683 11 10
33933259 2 14159148 5 3
17241895 1 70900318 2 2
15165502 18 19802879 58 46
213796133 2 191227452 3 2
248837329 2 220081296 3 2
26853548 4 29472803 45 42
5259111 2 15153 3 2
67213875 2 21360626 13 10
6531772 1 3302 8 8
7861622 4 7861312 15 11
61220477 5 7259302 15 11
11963132 3 60033 7 5
35908473 6 333223227 11 6
138725262 4 21436960 7 4
296462011 5 15947277 9 6
23105968 6 18387712 23 13
18958999 4 15515169 13 10
10615232 6 35175054 24 17
16431371 3 15519544 11 6
304774444 1 390455433 42 42
17225361 8 47471628 21 13
20200882 1 92618763 2 2
216065604 2 856731 8 7
28264799 2 54900089 5 3
84129740 1 18277655 2 2
16822292 2 17688601 26 25
25101996 4 334053327 93 83
257789529 3 14521530 28 20
20216011 2 14680797 6 5
196917975 2 196168350 7 6
28164923 1 3108351 14 14
15647676 3 16613128 30 22
17014912 2 21215111 4 3
133929572 2 107381955 17 16
14100451 7 17913814 21 11
235755424 1 45145944 3 3
542886134 1 110445334 11 11
59727190 5 43814349 7 4
23543726 9 12250252 13 8
5658692 3 22575703 97 64
21215111 3 17959695 3 2
34193 2 17941696 41 40
342130924 11 15513604 192 177
12277852 2 23487693 7 5
9648652 1 169203819 3 3
18489585 5 293552084 18 14
58063 2 7400342 3 2
18770485 2 68198046 3 2
11818 3 50373 7 4
19092024 8 128321519 16 9
15432058 8 35473416 20 13
30313925 26 113420831 196 112
14704316 2 23819371 3 2
86977818 4 296462011 11 6
333223227 1 35908473 3 3
11491562 3 14093707 11 9
304814889 6 52863597 33 27
52758395 35 15869453 141 78
95028210 1 15062954 2 2
1066011 1 3302 2 2
201802474 8 21301913 51 35
11794312 2 6392872 3 2
12277182 4 10951232 9 5
55963 3 18389670 5 4
123185534 2 27217496 3 3
3442781 4 35473416 9 7
15284375 2 194347664 7 6
19029137 2 67444229 3 2
24604797 4 8464692 38 34
11661 9 782912 23 15
16613128 2 15647676 32 32
22059944 1 2891131 2 2
14864436 6 17324058 19 10
14089458 1 9509482 2 2
42950930 2 454304530 6 5
17959695 6 21215111 13 8
15513604 12 342130924 57 38
13363282 2 766195 3 2
46319532 6 15759202 99 94
35473416 5 15432058 18 12
131599699 5 228747444 20 16
77155969 2 175629426 3 2
13265572 2 15777123 3 2
95357338 3 18489585 4 3
282660061 3 67444229 5 3
17384099 21 21436960 167 144
15519544 11 282660061 56 36
83889856 4 67292982 9 6
15062954 3 14503 5 3
2276201 2 12496 4 3
5751832 3 7052972 3 2
356663 1 60033 2 2
22517990 16 171154131 45 23
193336046 12 15402623 25 13
287413569 3 223970563 5 3
766195 2 20718199 3 2
10951232 8 12277182 11 6
131144091 6 113420831 65 56
50356964 3 19600970 8 6
214620546 2 56413858 5 4
35175054 2 20735177 30 30
25073877 6 15513604 19 11
21301913 6 201802474 35 27
14223829 3 926981 4 3
17944870 1 15392494 6 6
55352474 1 18993395 17 17
171154131 2 22517990 9 8
69193714 2 8634422 5 3
17781165 18 15519544 101 79
70900318 1 18387712 2 2
29087161 5 48263 5 3
15473958 88 19802879 342 240
16168089 2 18387712 3 2
20727483 4 70900318 7 4
14411797 9 128321519 20 13
17454769 2 41634520 3 2
17941696 3 34193 18 13
8963722 7 1344951 32 26
22055109 9 15513604 41 29
7861312 13 7861622 39 22
48029066 13 18646108 36 20
486975681 6 486914138 23 15
68739089 8 56413858 90 75
15759202 8 46319532 59 50
349757265 2 52863597 13 8
14345566 2 15869453 3 2
22278898 1 194391047 2 2
128393253 3 27234253 5 3
5334 1 16571907 2 2
293552084 1 18489585 3 3
71627462 4 15515169 9 6
65682128 1 24239440 2 2
68198046 6 15513604 84 73
85891683 7 390455433 94 62
18823915 1 83022258 3 3
23503181 15 19802879 60 33
5877292 2 15636212 3 2
14521530 4 257789529 16 14
107381955 1 133929572 149 149
25214064 1 7052972 3 3
108979911 1 14329770 3 3
